[2026-02-16T17:29:54.744+0000] {manager.py:469} INFO - Processing files using up to 2 processes at a time 
[2026-02-16T17:29:54.745+0000] {manager.py:470} INFO - Process each file at most once every 30 seconds
[2026-02-16T17:29:54.745+0000] {manager.py:471} INFO - Checking for new files in /opt/airflow/dags every 300 seconds
[2026-02-16T17:29:54.746+0000] {manager.py:738} INFO - Searching for files in /opt/airflow/dags
[2026-02-16T17:29:55.105+0000] {manager.py:741} INFO - There are 1 files in /opt/airflow/dags
[2026-02-16T17:29:56.300+0000] {manager.py:879} INFO - 
================================================================================
DAG File Processing Stats

File Path                                   PID  Runtime      # DAGs    # Errors  Last Runtime    Last Run
----------------------------------------  -----  ---------  --------  ----------  --------------  ----------
/opt/airflow/dags/extract_to_datalake.py    158  0.73s             0           0
================================================================================
[2026-02-16T17:30:26.893+0000] {manager.py:879} INFO - 
================================================================================
DAG File Processing Stats

File Path                                 PID    Runtime      # DAGs    # Errors  Last Runtime    Last Run
----------------------------------------  -----  ---------  --------  ----------  --------------  -------------------
/opt/airflow/dags/extract_to_datalake.py                           0           1  11.30s          2026-02-16T17:30:06
================================================================================
[2026-02-16T17:30:57.170+0000] {manager.py:879} INFO - 
================================================================================
DAG File Processing Stats

File Path                                 PID    Runtime      # DAGs    # Errors  Last Runtime    Last Run
----------------------------------------  -----  ---------  --------  ----------  --------------  -------------------
/opt/airflow/dags/extract_to_datalake.py                           0           1  2.22s           2026-02-16T17:30:39
================================================================================
[2026-02-16T17:31:28.125+0000] {manager.py:879} INFO - 
================================================================================
DAG File Processing Stats

File Path                                 PID    Runtime      # DAGs    # Errors  Last Runtime    Last Run
----------------------------------------  -----  ---------  --------  ----------  --------------  -------------------
/opt/airflow/dags/extract_to_datalake.py                           0           1  4.43s           2026-02-16T17:31:14
================================================================================
[2026-02-16T17:31:58.406+0000] {manager.py:879} INFO - 
================================================================================
DAG File Processing Stats

File Path                                 PID    Runtime      # DAGs    # Errors  Last Runtime    Last Run
----------------------------------------  -----  ---------  --------  ----------  --------------  -------------------
/opt/airflow/dags/extract_to_datalake.py                           0           1  1.95s           2026-02-16T17:31:46
================================================================================
[2026-02-16T17:32:29.068+0000] {manager.py:879} INFO - 
================================================================================
DAG File Processing Stats

File Path                                 PID    Runtime      # DAGs    # Errors  Last Runtime    Last Run
----------------------------------------  -----  ---------  --------  ----------  --------------  -------------------
/opt/airflow/dags/extract_to_datalake.py                           0           1  0.59s           2026-02-16T17:32:17
================================================================================
[2026-02-16T17:32:59.479+0000] {manager.py:879} INFO - 
================================================================================
DAG File Processing Stats

File Path                                 PID    Runtime      # DAGs    # Errors  Last Runtime    Last Run
----------------------------------------  -----  ---------  --------  ----------  --------------  -------------------
/opt/airflow/dags/extract_to_datalake.py                           0           1  0.62s           2026-02-16T17:32:47
================================================================================
[2026-02-16T17:33:29.677+0000] {manager.py:879} INFO - 
================================================================================
DAG File Processing Stats

File Path                                 PID    Runtime      # DAGs    # Errors  Last Runtime    Last Run
----------------------------------------  -----  ---------  --------  ----------  --------------  -------------------
/opt/airflow/dags/extract_to_datalake.py                           0           1  0.64s           2026-02-16T17:33:18
================================================================================
[2026-02-16T17:34:00.069+0000] {manager.py:879} INFO - 
================================================================================
DAG File Processing Stats

File Path                                 PID    Runtime      # DAGs    # Errors  Last Runtime    Last Run
----------------------------------------  -----  ---------  --------  ----------  --------------  -------------------
/opt/airflow/dags/extract_to_datalake.py                           0           1  0.60s           2026-02-16T17:33:49
================================================================================
[2026-02-16T17:34:30.237+0000] {manager.py:879} INFO - 
================================================================================
DAG File Processing Stats

File Path                                 PID    Runtime      # DAGs    # Errors  Last Runtime    Last Run
----------------------------------------  -----  ---------  --------  ----------  --------------  -------------------
/opt/airflow/dags/extract_to_datalake.py                           0           1  0.71s           2026-02-16T17:34:20
================================================================================
[2026-02-16T17:34:55.380+0000] {manager.py:738} INFO - Searching for files in /opt/airflow/dags
[2026-02-16T17:34:55.384+0000] {manager.py:741} INFO - There are 1 files in /opt/airflow/dags
[2026-02-16T17:35:00.439+0000] {manager.py:879} INFO - 
================================================================================
DAG File Processing Stats

File Path                                 PID    Runtime      # DAGs    # Errors  Last Runtime    Last Run
----------------------------------------  -----  ---------  --------  ----------  --------------  -------------------
/opt/airflow/dags/extract_to_datalake.py                           0           1  0.71s           2026-02-16T17:34:51
================================================================================
[2026-02-16T17:35:30.701+0000] {manager.py:879} INFO - 
================================================================================
DAG File Processing Stats

File Path                                 PID    Runtime      # DAGs    # Errors  Last Runtime    Last Run
----------------------------------------  -----  ---------  --------  ----------  --------------  -------------------
/opt/airflow/dags/extract_to_datalake.py                           0           1  1.10s           2026-02-16T17:35:22
================================================================================
[2026-02-16T17:36:00.988+0000] {manager.py:879} INFO - 
================================================================================
DAG File Processing Stats

File Path                                 PID    Runtime      # DAGs    # Errors  Last Runtime    Last Run
----------------------------------------  -----  ---------  --------  ----------  --------------  -------------------
/opt/airflow/dags/extract_to_datalake.py                           0           1  0.62s           2026-02-16T17:35:53
================================================================================
[2026-02-16T17:36:31.188+0000] {manager.py:879} INFO - 
================================================================================
DAG File Processing Stats

File Path                                 PID    Runtime      # DAGs    # Errors  Last Runtime    Last Run
----------------------------------------  -----  ---------  --------  ----------  --------------  -------------------
/opt/airflow/dags/extract_to_datalake.py                           0           1  0.72s           2026-02-16T17:36:24
================================================================================
[2026-02-16T17:37:01.381+0000] {manager.py:879} INFO - 
================================================================================
DAG File Processing Stats

File Path                                 PID    Runtime      # DAGs    # Errors  Last Runtime    Last Run
----------------------------------------  -----  ---------  --------  ----------  --------------  -------------------
/opt/airflow/dags/extract_to_datalake.py                           0           1  0.80s           2026-02-16T17:36:55
================================================================================
[2026-02-16T17:37:31.647+0000] {manager.py:879} INFO - 
================================================================================
DAG File Processing Stats

File Path                                 PID    Runtime      # DAGs    # Errors  Last Runtime    Last Run
----------------------------------------  -----  ---------  --------  ----------  --------------  -------------------
/opt/airflow/dags/extract_to_datalake.py                           0           1  0.76s           2026-02-16T17:37:26
================================================================================
[2026-02-16T17:38:01.840+0000] {manager.py:879} INFO - 
================================================================================
DAG File Processing Stats

File Path                                 PID    Runtime      # DAGs    # Errors  Last Runtime    Last Run
----------------------------------------  -----  ---------  --------  ----------  --------------  -------------------
/opt/airflow/dags/extract_to_datalake.py                           0           1  0.79s           2026-02-16T17:37:57
================================================================================
[2026-02-16T17:38:32.031+0000] {manager.py:879} INFO - 
================================================================================
DAG File Processing Stats

File Path                                 PID    Runtime      # DAGs    # Errors  Last Runtime    Last Run
----------------------------------------  -----  ---------  --------  ----------  --------------  -------------------
/opt/airflow/dags/extract_to_datalake.py                           0           1  0.83s           2026-02-16T17:38:28
================================================================================
[2026-02-16T17:39:02.544+0000] {manager.py:879} INFO - 
================================================================================
DAG File Processing Stats

File Path                                 PID    Runtime      # DAGs    # Errors  Last Runtime    Last Run
----------------------------------------  -----  ---------  --------  ----------  --------------  -------------------
/opt/airflow/dags/extract_to_datalake.py                           0           1  1.04s           2026-02-16T17:38:59
================================================================================
[2026-02-16T17:39:32.758+0000] {manager.py:879} INFO - 
================================================================================
DAG File Processing Stats

File Path                                 PID    Runtime      # DAGs    # Errors  Last Runtime    Last Run
----------------------------------------  -----  ---------  --------  ----------  --------------  -------------------
/opt/airflow/dags/extract_to_datalake.py                           0           1  0.69s           2026-02-16T17:39:30
================================================================================
[2026-02-16T17:39:35.267+0000] {manager.py:451} INFO - Exiting gracefully upon receiving signal 15
